<?xml version="1.0" encoding="UTF-8"?>
<testng-results skipped="0" failed="0" ignored="0" total="1" passed="1">
  <reporter-output>
    <line>
      <![CDATA[title is matching  Login Dolibarr 3.3.1]]>
    </line>
    <line>
      <![CDATA[title is matching  Dolibarr]]>
    </line>
    <line>
      <![CDATA[admin logined successsfully]]>
    </line>
    <line>
      <![CDATA[title is matching  Dolibarr - Group card]]>
    </line>
    <line>
      <![CDATA[group created successfully]]>
    </line>
    <line>
      <![CDATA[group created successfully]]>
    </line>
    <line>
      <![CDATA[group created successfully]]>
    </line>
    <line>
      <![CDATA[group created successfully]]>
    </line>
    <line>
      <![CDATA[group created successfully]]>
    </line>
    <line>
      <![CDATA[group created successfully]]>
    </line>
    <line>
      <![CDATA[group created successfully]]>
    </line>
    <line>
      <![CDATA[group created successfully]]>
    </line>
    <line>
      <![CDATA[title is matching  Dolibarr - User card]]>
    </line>
    <line>
      <![CDATA[user modified successfully]]>
    </line>
  </reporter-output>
  <suite name="Default suite" duration-ms="26666" started-at="2019-11-21T07:27:38Z" finished-at="2019-11-21T07:28:05Z">
    <groups>
    </groups>
    <test name="Default test" duration-ms="26666" started-at="2019-11-21T07:27:38Z" finished-at="2019-11-21T07:28:05Z">
      <class name="test.ValidLoginTest">
        <test-method status="PASS" signature="preCondition()[pri:0, instance:test.ValidLoginTest@3bfdc050]" name="preCondition" is-config="true" duration-ms="4849" started-at="2019-11-21T07:27:38Z" finished-at="2019-11-21T07:27:43Z">
          <reporter-output>
          </reporter-output>
        </test-method> <!-- preCondition -->
        <test-method status="PASS" signature="validLoginLogout()[pri:0, instance:test.ValidLoginTest@3bfdc050]" name="validLoginLogout" duration-ms="21731" started-at="2019-11-21T07:27:43Z" finished-at="2019-11-21T07:28:05Z">
          <reporter-output>
            <line>
              <![CDATA[title is matching  Login Dolibarr 3.3.1]]>
            </line>
            <line>
              <![CDATA[title is matching  Dolibarr]]>
            </line>
            <line>
              <![CDATA[admin logined successsfully]]>
            </line>
            <line>
              <![CDATA[title is matching  Dolibarr - Group card]]>
            </line>
            <line>
              <![CDATA[group created successfully]]>
            </line>
            <line>
              <![CDATA[group created successfully]]>
            </line>
            <line>
              <![CDATA[group created successfully]]>
            </line>
            <line>
              <![CDATA[group created successfully]]>
            </line>
            <line>
              <![CDATA[group created successfully]]>
            </line>
            <line>
              <![CDATA[group created successfully]]>
            </line>
            <line>
              <![CDATA[group created successfully]]>
            </line>
            <line>
              <![CDATA[group created successfully]]>
            </line>
            <line>
              <![CDATA[title is matching  Dolibarr - User card]]>
            </line>
            <line>
              <![CDATA[user modified successfully]]>
            </line>
          </reporter-output>
        </test-method> <!-- validLoginLogout -->
        <test-method status="PASS" signature="postCondition(org.testng.ITestResult)[pri:0, instance:test.ValidLoginTest@3bfdc050]" name="postCondition" is-config="true" duration-ms="68" started-at="2019-11-21T07:28:05Z" finished-at="2019-11-21T07:28:05Z">
          <params>
            <param index="0">
              <value>
                <![CDATA[[TestResult name=validLoginLogout status=SUCCESS method=ValidLoginTest.validLoginLogout()[pri:0, instance:test.ValidLoginTest@3bfdc050] output=title is matching  Login Dolibarr 3.3.1]]]>
              </value>
            </param>
          </params>
          <reporter-output>
          </reporter-output>
        </test-method> <!-- postCondition -->
      </class> <!-- test.ValidLoginTest -->
    </test> <!-- Default test -->
  </suite> <!-- Default suite -->
</testng-results>
